Flow report for dac7512
Thu May 25 16:45:58 2017
Quartus II 64-Bit Version 11.0 Build 157 04/27/2011 SJ Full Version


---------------------
; Table of Contents ;
---------------------
  1. Legal Notice
  2. Flow Summary
  3. Flow Settings
  4. Flow Non-Default Global Settings
  5. Flow Elapsed Time
  6. Flow OS Summary
  7. Flow Log



----------------
; Legal Notice ;
----------------
Copyright (C) 1991-2011 Altera Corporation
Your use of Altera Corporation's design tools, logic functions 
and other software and tools, and its AMPP partner logic 
functions, and any output files from any of the foregoing 
(including device programming or simulation files), and any 
associated documentation or information are expressly subject 
to the terms and conditions of the Altera Program License 
Subscription Agreement, Altera MegaCore Function License 
Agreement, or other applicable license agreement, including, 
without limitation, that your use is for the sole purpose of 
programming logic devices manufactured by Altera and sold by 
Altera or its authorized distributors.  Please refer to the 
applicable agreement for further details.



+-----------------------------------------------------------------------+
; Flow Summary                                                          ;
+---------------------------+-------------------------------------------+
; Flow Status               ; Successful - Thu May 25 16:45:58 2017     ;
; Quartus II 64-Bit Version ; 11.0 Build 157 04/27/2011 SJ Full Version ;
; Revision Name             ; dac7512                                   ;
; Top-level Entity Name     ; dac7512                                   ;
; Family                    ; Cyclone                                   ;
; Device                    ; EP1C3T100C8                               ;
; Timing Models             ; Final                                     ;
; Total logic elements      ; 53 / 2,910 ( 2 % )                        ;
; Total pins                ; 17 / 65 ( 26 % )                          ;
; Total virtual pins        ; 0                                         ;
; Total memory bits         ; 0 / 59,904 ( 0 % )                        ;
; Total PLLs                ; 0 / 1 ( 0 % )                             ;
+---------------------------+-------------------------------------------+


+-----------------------------------------+
; Flow Settings                           ;
+-------------------+---------------------+
; Option            ; Setting             ;
+-------------------+---------------------+
; Start date & time ; 05/25/2017 16:45:34 ;
; Main task         ; Compilation         ;
; Revision Name     ; dac7512             ;
+-------------------+---------------------+


+-----------------------------------------------------------------------------------------------------------------------+
; Flow Non-Default Global Settings                                                                                      ;
+--------------------------------------+--------------------------------+---------------+-------------+-----------------+
; Assignment Name                      ; Value                          ; Default Value ; Entity Name ; Section Id      ;
+--------------------------------------+--------------------------------+---------------+-------------+-----------------+
; COMPILER_SIGNATURE_ID                ; 345052807176.149570193402984   ; --            ; --          ; --              ;
; EDA_DESIGN_INSTANCE_NAME             ; NA                             ; --            ; --          ; dac7512_vlg_tst ;
; EDA_NATIVELINK_SIMULATION_TEST_BENCH ; dac7512_vlg_tst                ; --            ; --          ; eda_simulation  ;
; EDA_OUTPUT_DATA_FORMAT               ; Verilog Hdl                    ; --            ; --          ; eda_simulation  ;
; EDA_SIMULATION_TOOL                  ; ModelSim-Altera (Verilog)      ; <None>        ; --          ; --              ;
; EDA_TEST_BENCH_ENABLE_STATUS         ; TEST_BENCH_MODE                ; --            ; --          ; eda_simulation  ;
; EDA_TEST_BENCH_FILE                  ; simulation/modelsim/dac7512.vt ; --            ; --          ; dac7512_vlg_tst ;
; EDA_TEST_BENCH_MODULE_NAME           ; dac7512_vlg_tst                ; --            ; --          ; dac7512_vlg_tst ;
; EDA_TEST_BENCH_NAME                  ; dac7512_vlg_tst                ; --            ; --          ; eda_simulation  ;
; EDA_TIME_SCALE                       ; 1 ns                           ; --            ; --          ; eda_simulation  ;
; PARTITION_COLOR                      ; 16764057                       ; --            ; --          ; Top             ;
; PARTITION_FITTER_PRESERVATION_LEVEL  ; PLACEMENT_AND_ROUTING          ; --            ; --          ; Top             ;
; PARTITION_NETLIST_TYPE               ; SOURCE                         ; --            ; --          ; Top             ;
+--------------------------------------+--------------------------------+---------------+-------------+-----------------+


+-------------------------------------------------------------------------------------------------------------------------------+
; Flow Elapsed Time                                                                                                             ;
+---------------------------+--------------+-------------------------+---------------------+------------------------------------+
; Module Name               ; Elapsed Time ; Average Processors Used ; Peak Virtual Memory ; Total CPU Time (on all processors) ;
+---------------------------+--------------+-------------------------+---------------------+------------------------------------+
; Analysis & Synthesis      ; 00:00:01     ; 1.0                     ; 364 MB              ; 00:00:01                           ;
; Fitter                    ; 00:00:02     ; 1.0                     ; 459 MB              ; 00:00:01                           ;
; Assembler                 ; 00:00:00     ; 1.0                     ; 326 MB              ; 00:00:01                           ;
; TimeQuest Timing Analyzer ; 00:00:01     ; 1.0                     ; 357 MB              ; 00:00:01                           ;
; EDA Netlist Writer        ; 00:00:00     ; 1.0                     ; 303 MB              ; 00:00:00                           ;
; Total                     ; 00:00:04     ; --                      ; --                  ; 00:00:04                           ;
+---------------------------+--------------+-------------------------+---------------------+------------------------------------+


+----------------------------------------------------------------------------------------+
; Flow OS Summary                                                                        ;
+---------------------------+------------------+-----------+------------+----------------+
; Module Name               ; Machine Hostname ; OS Name   ; OS Version ; Processor type ;
+---------------------------+------------------+-----------+------------+----------------+
; Analysis & Synthesis      ; KoreyChenSF      ; Windows 7 ; 6.2        ; x86_64         ;
; Fitter                    ; KoreyChenSF      ; Windows 7 ; 6.2        ; x86_64         ;
; Assembler                 ; KoreyChenSF      ; Windows 7 ; 6.2        ; x86_64         ;
; TimeQuest Timing Analyzer ; KoreyChenSF      ; Windows 7 ; 6.2        ; x86_64         ;
; EDA Netlist Writer        ; KoreyChenSF      ; Windows 7 ; 6.2        ; x86_64         ;
+---------------------------+------------------+-----------+------------+----------------+


------------
; Flow Log ;
------------
quartus_map --read_settings_files=on --write_settings_files=off dac7512 -c dac7512
quartus_fit --read_settings_files=off --write_settings_files=off dac7512 -c dac7512
quartus_asm --read_settings_files=off --write_settings_files=off dac7512 -c dac7512
quartus_sta dac7512 -c dac7512
quartus_eda --read_settings_files=off --write_settings_files=off dac7512 -c dac7512



